[2026-02-14T22:35:45.204+0000] {local_task_job_runner.py:120} INFO - ::group::Pre task execution logs
[2026-02-14T22:35:45.232+0000] {taskinstance.py:2076} INFO - Dependencies all met for dep_context=non-requeueable deps ti=<TaskInstance: SCD2_snapshots.dbt_snapshot scheduled__2026-02-13T00:00:00+00:00 [queued]>
[2026-02-14T22:35:45.237+0000] {taskinstance.py:2076} INFO - Dependencies all met for dep_context=requeueable deps ti=<TaskInstance: SCD2_snapshots.dbt_snapshot scheduled__2026-02-13T00:00:00+00:00 [queued]>
[2026-02-14T22:35:45.238+0000] {taskinstance.py:2306} INFO - Starting attempt 1 of 2
[2026-02-14T22:35:45.246+0000] {taskinstance.py:2330} INFO - Executing <Task(BashOperator): dbt_snapshot> on 2026-02-13 00:00:00+00:00
[2026-02-14T22:35:45.250+0000] {standard_task_runner.py:64} INFO - Started process 525 to run task
[2026-02-14T22:35:45.252+0000] {standard_task_runner.py:90} INFO - Running: ['***', 'tasks', 'run', 'SCD2_snapshots', 'dbt_snapshot', 'scheduled__2026-02-13T00:00:00+00:00', '--job-id', '1886', '--raw', '--subdir', 'DAGS_FOLDER/SCD_snapshot.py', '--cfg-path', '/tmp/tmp22_5juiz']
[2026-02-14T22:35:45.255+0000] {standard_task_runner.py:91} INFO - Job 1886: Subtask dbt_snapshot
[2026-02-14T22:35:45.325+0000] {task_command.py:426} INFO - Running <TaskInstance: SCD2_snapshots.dbt_snapshot scheduled__2026-02-13T00:00:00+00:00 [running]> on host f01c0000b3b8
[2026-02-14T22:35:45.395+0000] {taskinstance.py:2648} INFO - Exporting env vars: AIRFLOW_CTX_DAG_OWNER='***' AIRFLOW_CTX_DAG_ID='SCD2_snapshots' AIRFLOW_CTX_TASK_ID='dbt_snapshot' AIRFLOW_CTX_EXECUTION_DATE='2026-02-13T00:00:00+00:00' AIRFLOW_CTX_TRY_NUMBER='1' AIRFLOW_CTX_DAG_RUN_ID='scheduled__2026-02-13T00:00:00+00:00'
[2026-02-14T22:35:45.396+0000] {taskinstance.py:430} INFO - ::endgroup::
[2026-02-14T22:35:45.417+0000] {subprocess.py:63} INFO - Tmp dir root location: /tmp
[2026-02-14T22:35:45.418+0000] {subprocess.py:75} INFO - Running command: ['/usr/bin/bash', '-c', 'cd /opt/***/banking_dbt && dbt snapshot --profiles-dir /home/***/.dbt']
[2026-02-14T22:35:45.423+0000] {subprocess.py:86} INFO - Output:
[2026-02-14T22:35:47.734+0000] {subprocess.py:93} INFO - [0m22:35:47  Running with dbt=1.11.2
[2026-02-14T22:35:48.553+0000] {subprocess.py:93} INFO - [0m22:35:48  Registered adapter: snowflake=1.11.1
[2026-02-14T22:35:48.747+0000] {subprocess.py:93} INFO - [0m22:35:48  Unable to do partial parsing because of a version mismatch
[2026-02-14T22:35:50.428+0000] {subprocess.py:93} INFO - [0m22:35:50  Found 8 models, 2 snapshots, 4 data tests, 3 sources, 522 macros
[2026-02-14T22:35:50.432+0000] {subprocess.py:93} INFO - [0m22:35:50
[2026-02-14T22:35:50.433+0000] {subprocess.py:93} INFO - [0m22:35:50  Concurrency: 4 threads (target='dev')
[2026-02-14T22:35:50.435+0000] {subprocess.py:93} INFO - [0m22:35:50
[2026-02-14T22:35:55.725+0000] {subprocess.py:93} INFO - [0m22:35:55  1 of 2 START snapshot ANALYTICS.accounts_snapshot .............................. [RUN]
[2026-02-14T22:35:55.726+0000] {subprocess.py:93} INFO - [0m22:35:55  2 of 2 START snapshot ANALYTICS.customers_snapshot ............................. [RUN]
[2026-02-14T22:36:02.140+0000] {subprocess.py:93} INFO - [0m22:36:02  1 of 2 OK snapshotted ANALYTICS.accounts_snapshot .............................. [[32mSUCCESS 0[0m in 6.38s]
[2026-02-14T22:36:02.386+0000] {subprocess.py:93} INFO - [0m22:36:02  2 of 2 OK snapshotted ANALYTICS.customers_snapshot ............................. [[32mSUCCESS 0[0m in 6.65s]
[2026-02-14T22:36:02.824+0000] {subprocess.py:93} INFO - [0m22:36:02
[2026-02-14T22:36:02.826+0000] {subprocess.py:93} INFO - [0m22:36:02  Finished running 2 snapshots in 0 hours 0 minutes and 12.39 seconds (12.39s).
[2026-02-14T22:36:02.930+0000] {subprocess.py:93} INFO - [0m22:36:02
[2026-02-14T22:36:02.932+0000] {subprocess.py:93} INFO - [0m22:36:02  [32mCompleted successfully[0m
[2026-02-14T22:36:02.933+0000] {subprocess.py:93} INFO - [0m22:36:02
[2026-02-14T22:36:02.935+0000] {subprocess.py:93} INFO - [0m22:36:02  Done. PASS=2 WARN=0 ERROR=0 SKIP=0 NO-OP=0 TOTAL=2
[2026-02-14T22:36:04.463+0000] {subprocess.py:97} INFO - Command exited with return code 0
[2026-02-14T22:36:04.465+0000] {taskinstance.py:441} INFO - ::group::Post task execution logs
[2026-02-14T22:36:04.496+0000] {taskinstance.py:1206} INFO - Marking task as SUCCESS. dag_id=SCD2_snapshots, task_id=dbt_snapshot, run_id=scheduled__2026-02-13T00:00:00+00:00, execution_date=20260213T000000, start_date=20260214T223545, end_date=20260214T223604
[2026-02-14T22:36:04.552+0000] {local_task_job_runner.py:243} INFO - Task exited with return code 0
[2026-02-14T22:36:04.565+0000] {taskinstance.py:3503} INFO - 0 downstream tasks scheduled from follow-on schedule check
[2026-02-14T22:36:04.568+0000] {local_task_job_runner.py:222} INFO - ::endgroup::
