[2026-02-11T09:40:09.227+0000] {local_task_job_runner.py:120} INFO - ::group::Pre task execution logs
[2026-02-11T09:40:09.256+0000] {taskinstance.py:2076} INFO - Dependencies all met for dep_context=non-requeueable deps ti=<TaskInstance: minio_to_snowflake_banking.load_snowflake scheduled__2026-02-11T09:39:00+00:00 [queued]>
[2026-02-11T09:40:09.265+0000] {taskinstance.py:2076} INFO - Dependencies all met for dep_context=requeueable deps ti=<TaskInstance: minio_to_snowflake_banking.load_snowflake scheduled__2026-02-11T09:39:00+00:00 [queued]>
[2026-02-11T09:40:09.275+0000] {taskinstance.py:2306} INFO - Starting attempt 1 of 2
[2026-02-11T09:40:09.287+0000] {taskinstance.py:2330} INFO - Executing <Task(PythonOperator): load_snowflake> on 2026-02-11 09:39:00+00:00
[2026-02-11T09:40:09.296+0000] {standard_task_runner.py:90} INFO - Running: ['***', 'tasks', 'run', 'minio_to_snowflake_banking', 'load_snowflake', 'scheduled__2026-02-11T09:39:00+00:00', '--job-id', '432', '--raw', '--subdir', 'DAGS_FOLDER/minio_to_snowflake_dag.py', '--cfg-path', '/tmp/tmpvru0d1py']
[2026-02-11T09:40:09.300+0000] {logging_mixin.py:188} WARNING - /home/***/.local/lib/python3.12/site-packages/***/task/task_runner/standard_task_runner.py:62 DeprecationWarning: This process (pid=5210) is multi-threaded, use of fork() may lead to deadlocks in the child.
[2026-02-11T09:40:09.300+0000] {standard_task_runner.py:91} INFO - Job 432: Subtask load_snowflake
[2026-02-11T09:40:09.301+0000] {standard_task_runner.py:64} INFO - Started process 5235 to run task
[2026-02-11T09:40:09.385+0000] {task_command.py:426} INFO - Running <TaskInstance: minio_to_snowflake_banking.load_snowflake scheduled__2026-02-11T09:39:00+00:00 [running]> on host f01c0000b3b8
[2026-02-11T09:40:09.479+0000] {taskinstance.py:2648} INFO - Exporting env vars: AIRFLOW_CTX_DAG_OWNER='***' AIRFLOW_CTX_DAG_ID='minio_to_snowflake_banking' AIRFLOW_CTX_TASK_ID='load_snowflake' AIRFLOW_CTX_EXECUTION_DATE='2026-02-11T09:39:00+00:00' AIRFLOW_CTX_TRY_NUMBER='1' AIRFLOW_CTX_DAG_RUN_ID='scheduled__2026-02-11T09:39:00+00:00'
[2026-02-11T09:40:09.481+0000] {taskinstance.py:430} INFO - ::endgroup::
[2026-02-11T09:40:09.505+0000] {connection.py:611} INFO - Snowflake Connector for Python Version: 4.2.0, Python Version: 3.12.4, Platform: Linux-6.6.87.2-microsoft-standard-WSL2-x86_64-with-glibc2.36
[2026-02-11T09:40:09.506+0000] {connection.py:1695} INFO - Connecting to GLOBAL Snowflake domain
[2026-02-11T09:40:12.334+0000] {logging_mixin.py:188} INFO - Uploaded /tmp/minio_downloads/customers_220447520592.parquet -> @customers stage
[2026-02-11T09:40:12.777+0000] {logging_mixin.py:188} INFO - Uploaded /tmp/minio_downloads/customers_132807915760.parquet -> @customers stage
[2026-02-11T09:40:13.118+0000] {logging_mixin.py:188} INFO - Data loaded into customers
[2026-02-11T09:40:13.413+0000] {logging_mixin.py:188} INFO - Uploaded /tmp/minio_downloads/accounts_220446866826.parquet -> @accounts stage
[2026-02-11T09:40:13.669+0000] {logging_mixin.py:188} INFO - Uploaded /tmp/minio_downloads/accounts_220446963368.parquet -> @accounts stage
[2026-02-11T09:40:13.909+0000] {logging_mixin.py:188} INFO - Uploaded /tmp/minio_downloads/accounts_132808404826.parquet -> @accounts stage
[2026-02-11T09:40:14.262+0000] {logging_mixin.py:188} INFO - Data loaded into accounts
[2026-02-11T09:40:14.553+0000] {logging_mixin.py:188} INFO - Uploaded /tmp/minio_downloads/transactions_220447071363.parquet -> @transactions stage
[2026-02-11T09:40:14.870+0000] {logging_mixin.py:188} INFO - Uploaded /tmp/minio_downloads/transactions_220447165310.parquet -> @transactions stage
[2026-02-11T09:40:15.090+0000] {logging_mixin.py:188} INFO - Uploaded /tmp/minio_downloads/transactions_220447275269.parquet -> @transactions stage
[2026-02-11T09:40:15.340+0000] {logging_mixin.py:188} INFO - Uploaded /tmp/minio_downloads/transactions_220447346197.parquet -> @transactions stage
[2026-02-11T09:40:15.597+0000] {logging_mixin.py:188} INFO - Uploaded /tmp/minio_downloads/transactions_220447417021.parquet -> @transactions stage
[2026-02-11T09:40:15.814+0000] {logging_mixin.py:188} INFO - Uploaded /tmp/minio_downloads/transactions_220447680947.parquet -> @transactions stage
[2026-02-11T09:40:16.055+0000] {logging_mixin.py:188} INFO - Uploaded /tmp/minio_downloads/transactions_220447810673.parquet -> @transactions stage
[2026-02-11T09:40:16.702+0000] {logging_mixin.py:188} INFO - Data loaded into transactions
[2026-02-11T09:40:16.905+0000] {python.py:237} INFO - Done. Returned value was: None
[2026-02-11T09:40:16.906+0000] {taskinstance.py:441} INFO - ::group::Post task execution logs
[2026-02-11T09:40:16.919+0000] {taskinstance.py:1206} INFO - Marking task as SUCCESS. dag_id=minio_to_snowflake_banking, task_id=load_snowflake, run_id=scheduled__2026-02-11T09:39:00+00:00, execution_date=20260211T093900, start_date=20260211T094009, end_date=20260211T094016
[2026-02-11T09:40:16.962+0000] {local_task_job_runner.py:243} INFO - Task exited with return code 0
[2026-02-11T09:40:16.985+0000] {taskinstance.py:3503} INFO - 0 downstream tasks scheduled from follow-on schedule check
[2026-02-11T09:40:16.996+0000] {local_task_job_runner.py:222} INFO - ::endgroup::
