[2026-02-11T12:13:07.685+0000] {local_task_job_runner.py:120} INFO - ::group::Pre task execution logs
[2026-02-11T12:13:07.705+0000] {taskinstance.py:2076} INFO - Dependencies all met for dep_context=non-requeueable deps ti=<TaskInstance: minio_to_snowflake_banking.load_snowflake scheduled__2026-02-11T12:12:00+00:00 [queued]>
[2026-02-11T12:13:07.711+0000] {taskinstance.py:2076} INFO - Dependencies all met for dep_context=requeueable deps ti=<TaskInstance: minio_to_snowflake_banking.load_snowflake scheduled__2026-02-11T12:12:00+00:00 [queued]>
[2026-02-11T12:13:07.711+0000] {taskinstance.py:2306} INFO - Starting attempt 1 of 2
[2026-02-11T12:13:07.719+0000] {taskinstance.py:2330} INFO - Executing <Task(PythonOperator): load_snowflake> on 2026-02-11 12:12:00+00:00
[2026-02-11T12:13:07.725+0000] {standard_task_runner.py:90} INFO - Running: ['***', 'tasks', 'run', 'minio_to_snowflake_banking', 'load_snowflake', 'scheduled__2026-02-11T12:12:00+00:00', '--job-id', '748', '--raw', '--subdir', 'DAGS_FOLDER/minio_to_snowflake_dag.py', '--cfg-path', '/tmp/tmpb2i38zav']
[2026-02-11T12:13:07.727+0000] {standard_task_runner.py:91} INFO - Job 748: Subtask load_snowflake
[2026-02-11T12:13:07.727+0000] {logging_mixin.py:188} WARNING - /home/***/.local/lib/python3.12/site-packages/***/task/task_runner/standard_task_runner.py:62 DeprecationWarning: This process (pid=19739) is multi-threaded, use of fork() may lead to deadlocks in the child.
[2026-02-11T12:13:07.727+0000] {standard_task_runner.py:64} INFO - Started process 19759 to run task
[2026-02-11T12:13:07.790+0000] {task_command.py:426} INFO - Running <TaskInstance: minio_to_snowflake_banking.load_snowflake scheduled__2026-02-11T12:12:00+00:00 [running]> on host f01c0000b3b8
[2026-02-11T12:13:07.855+0000] {taskinstance.py:2648} INFO - Exporting env vars: AIRFLOW_CTX_DAG_OWNER='***' AIRFLOW_CTX_DAG_ID='minio_to_snowflake_banking' AIRFLOW_CTX_TASK_ID='load_snowflake' AIRFLOW_CTX_EXECUTION_DATE='2026-02-11T12:12:00+00:00' AIRFLOW_CTX_TRY_NUMBER='1' AIRFLOW_CTX_DAG_RUN_ID='scheduled__2026-02-11T12:12:00+00:00'
[2026-02-11T12:13:07.856+0000] {taskinstance.py:430} INFO - ::endgroup::
[2026-02-11T12:13:07.874+0000] {connection.py:611} INFO - Snowflake Connector for Python Version: 4.2.0, Python Version: 3.12.4, Platform: Linux-6.6.87.2-microsoft-standard-WSL2-x86_64-with-glibc2.36
[2026-02-11T12:13:07.875+0000] {connection.py:1695} INFO - Connecting to GLOBAL Snowflake domain
[2026-02-11T12:13:10.681+0000] {logging_mixin.py:188} INFO - Uploaded /tmp/minio_downloads/customers_220447520592.parquet -> @customers stage
[2026-02-11T12:13:10.939+0000] {logging_mixin.py:188} INFO - Uploaded /tmp/minio_downloads/customers_132807915760.parquet -> @customers stage
[2026-02-11T12:13:11.630+0000] {logging_mixin.py:188} INFO - Data loaded into customers
[2026-02-11T12:13:11.879+0000] {logging_mixin.py:188} INFO - Uploaded /tmp/minio_downloads/accounts_220446866826.parquet -> @accounts stage
[2026-02-11T12:13:12.099+0000] {logging_mixin.py:188} INFO - Uploaded /tmp/minio_downloads/accounts_220446963368.parquet -> @accounts stage
[2026-02-11T12:13:12.349+0000] {logging_mixin.py:188} INFO - Uploaded /tmp/minio_downloads/accounts_132808404826.parquet -> @accounts stage
[2026-02-11T12:13:12.951+0000] {logging_mixin.py:188} INFO - Data loaded into accounts
[2026-02-11T12:13:13.539+0000] {logging_mixin.py:188} INFO - Uploaded /tmp/minio_downloads/transactions_220447071363.parquet -> @transactions stage
[2026-02-11T12:13:13.959+0000] {logging_mixin.py:188} INFO - Uploaded /tmp/minio_downloads/transactions_220447165310.parquet -> @transactions stage
[2026-02-11T12:13:14.180+0000] {logging_mixin.py:188} INFO - Uploaded /tmp/minio_downloads/transactions_220447275269.parquet -> @transactions stage
[2026-02-11T12:13:14.420+0000] {logging_mixin.py:188} INFO - Uploaded /tmp/minio_downloads/transactions_220447346197.parquet -> @transactions stage
[2026-02-11T12:13:14.611+0000] {logging_mixin.py:188} INFO - Uploaded /tmp/minio_downloads/transactions_220447417021.parquet -> @transactions stage
[2026-02-11T12:13:14.899+0000] {logging_mixin.py:188} INFO - Uploaded /tmp/minio_downloads/transactions_220447680947.parquet -> @transactions stage
[2026-02-11T12:13:15.119+0000] {logging_mixin.py:188} INFO - Uploaded /tmp/minio_downloads/transactions_220447810673.parquet -> @transactions stage
[2026-02-11T12:13:15.510+0000] {logging_mixin.py:188} INFO - Data loaded into transactions
[2026-02-11T12:13:15.852+0000] {python.py:237} INFO - Done. Returned value was: None
[2026-02-11T12:13:15.853+0000] {taskinstance.py:441} INFO - ::group::Post task execution logs
[2026-02-11T12:13:15.860+0000] {taskinstance.py:1206} INFO - Marking task as SUCCESS. dag_id=minio_to_snowflake_banking, task_id=load_snowflake, run_id=scheduled__2026-02-11T12:12:00+00:00, execution_date=20260211T121200, start_date=20260211T121307, end_date=20260211T121315
[2026-02-11T12:13:15.891+0000] {local_task_job_runner.py:243} INFO - Task exited with return code 0
[2026-02-11T12:13:15.909+0000] {taskinstance.py:3503} INFO - 0 downstream tasks scheduled from follow-on schedule check
[2026-02-11T12:13:15.913+0000] {local_task_job_runner.py:222} INFO - ::endgroup::
