[2026-02-14T22:36:21.123+0000] {local_task_job_runner.py:120} INFO - ::group::Pre task execution logs
[2026-02-14T22:36:21.143+0000] {taskinstance.py:2076} INFO - Dependencies all met for dep_context=non-requeueable deps ti=<TaskInstance: SCD2_snapshots.dbt_snapshot manual__2026-02-14T22:35:42.231906+00:00 [queued]>
[2026-02-14T22:36:21.149+0000] {taskinstance.py:2076} INFO - Dependencies all met for dep_context=requeueable deps ti=<TaskInstance: SCD2_snapshots.dbt_snapshot manual__2026-02-14T22:35:42.231906+00:00 [queued]>
[2026-02-14T22:36:21.150+0000] {taskinstance.py:2306} INFO - Starting attempt 1 of 2
[2026-02-14T22:36:21.160+0000] {taskinstance.py:2330} INFO - Executing <Task(BashOperator): dbt_snapshot> on 2026-02-14 22:35:42.231906+00:00
[2026-02-14T22:36:21.163+0000] {standard_task_runner.py:64} INFO - Started process 643 to run task
[2026-02-14T22:36:21.165+0000] {standard_task_runner.py:90} INFO - Running: ['***', 'tasks', 'run', 'SCD2_snapshots', 'dbt_snapshot', 'manual__2026-02-14T22:35:42.231906+00:00', '--job-id', '1888', '--raw', '--subdir', 'DAGS_FOLDER/SCD_snapshot.py', '--cfg-path', '/tmp/tmpu5xrc6d4']
[2026-02-14T22:36:21.167+0000] {standard_task_runner.py:91} INFO - Job 1888: Subtask dbt_snapshot
[2026-02-14T22:36:21.244+0000] {task_command.py:426} INFO - Running <TaskInstance: SCD2_snapshots.dbt_snapshot manual__2026-02-14T22:35:42.231906+00:00 [running]> on host f01c0000b3b8
[2026-02-14T22:36:21.316+0000] {taskinstance.py:2648} INFO - Exporting env vars: AIRFLOW_CTX_DAG_OWNER='***' AIRFLOW_CTX_DAG_ID='SCD2_snapshots' AIRFLOW_CTX_TASK_ID='dbt_snapshot' AIRFLOW_CTX_EXECUTION_DATE='2026-02-14T22:35:42.231906+00:00' AIRFLOW_CTX_TRY_NUMBER='1' AIRFLOW_CTX_DAG_RUN_ID='manual__2026-02-14T22:35:42.231906+00:00'
[2026-02-14T22:36:21.316+0000] {taskinstance.py:430} INFO - ::endgroup::
[2026-02-14T22:36:21.327+0000] {subprocess.py:63} INFO - Tmp dir root location: /tmp
[2026-02-14T22:36:21.328+0000] {subprocess.py:75} INFO - Running command: ['/usr/bin/bash', '-c', 'cd /opt/***/banking_dbt && dbt snapshot --profiles-dir /home/***/.dbt']
[2026-02-14T22:36:21.333+0000] {subprocess.py:86} INFO - Output:
[2026-02-14T22:36:22.927+0000] {subprocess.py:93} INFO - [0m22:36:22  Running with dbt=1.11.2
[2026-02-14T22:36:23.639+0000] {subprocess.py:93} INFO - [0m22:36:23  Registered adapter: snowflake=1.11.1
[2026-02-14T22:36:24.601+0000] {subprocess.py:93} INFO - [0m22:36:24  Found 8 models, 2 snapshots, 4 data tests, 3 sources, 522 macros
[2026-02-14T22:36:24.610+0000] {subprocess.py:93} INFO - [0m22:36:24
[2026-02-14T22:36:24.613+0000] {subprocess.py:93} INFO - [0m22:36:24  Concurrency: 4 threads (target='dev')
[2026-02-14T22:36:24.615+0000] {subprocess.py:93} INFO - [0m22:36:24
[2026-02-14T22:36:27.193+0000] {subprocess.py:93} INFO - [0m22:36:27  1 of 2 START snapshot ANALYTICS.accounts_snapshot .............................. [RUN]
[2026-02-14T22:36:27.194+0000] {subprocess.py:93} INFO - [0m22:36:27  2 of 2 START snapshot ANALYTICS.customers_snapshot ............................. [RUN]
[2026-02-14T22:36:31.249+0000] {subprocess.py:93} INFO - [0m22:36:31  1 of 2 OK snapshotted ANALYTICS.accounts_snapshot .............................. [[32mSUCCESS 0[0m in 4.04s]
[2026-02-14T22:36:31.252+0000] {subprocess.py:93} INFO - [0m22:36:31  2 of 2 OK snapshotted ANALYTICS.customers_snapshot ............................. [[32mSUCCESS 0[0m in 4.05s]
[2026-02-14T22:36:31.665+0000] {subprocess.py:93} INFO - [0m22:36:31
[2026-02-14T22:36:31.678+0000] {subprocess.py:93} INFO - [0m22:36:31  Finished running 2 snapshots in 0 hours 0 minutes and 7.05 seconds (7.05s).
[2026-02-14T22:36:31.808+0000] {subprocess.py:93} INFO - [0m22:36:31
[2026-02-14T22:36:31.810+0000] {subprocess.py:93} INFO - [0m22:36:31  [32mCompleted successfully[0m
[2026-02-14T22:36:31.812+0000] {subprocess.py:93} INFO - [0m22:36:31
[2026-02-14T22:36:31.814+0000] {subprocess.py:93} INFO - [0m22:36:31  Done. PASS=2 WARN=0 ERROR=0 SKIP=0 NO-OP=0 TOTAL=2
[2026-02-14T22:36:32.983+0000] {subprocess.py:97} INFO - Command exited with return code 0
[2026-02-14T22:36:32.984+0000] {taskinstance.py:441} INFO - ::group::Post task execution logs
[2026-02-14T22:36:33.010+0000] {taskinstance.py:1206} INFO - Marking task as SUCCESS. dag_id=SCD2_snapshots, task_id=dbt_snapshot, run_id=manual__2026-02-14T22:35:42.231906+00:00, execution_date=20260214T223542, start_date=20260214T223621, end_date=20260214T223633
[2026-02-14T22:36:33.038+0000] {local_task_job_runner.py:243} INFO - Task exited with return code 0
[2026-02-14T22:36:33.056+0000] {taskinstance.py:3503} INFO - 0 downstream tasks scheduled from follow-on schedule check
[2026-02-14T22:36:33.060+0000] {local_task_job_runner.py:222} INFO - ::endgroup::
