[2026-02-10T16:43:05.990+0000] {local_task_job_runner.py:120} INFO - ::group::Pre task execution logs
[2026-02-10T16:43:06.009+0000] {taskinstance.py:2076} INFO - Dependencies all met for dep_context=non-requeueable deps ti=<TaskInstance: minio_to_snowflake_banking.load_snowflake scheduled__2026-02-10T16:42:00+00:00 [queued]>
[2026-02-10T16:43:06.015+0000] {taskinstance.py:2076} INFO - Dependencies all met for dep_context=requeueable deps ti=<TaskInstance: minio_to_snowflake_banking.load_snowflake scheduled__2026-02-10T16:42:00+00:00 [queued]>
[2026-02-10T16:43:06.016+0000] {taskinstance.py:2306} INFO - Starting attempt 1 of 2
[2026-02-10T16:43:06.024+0000] {taskinstance.py:2330} INFO - Executing <Task(PythonOperator): load_snowflake> on 2026-02-10 16:42:00+00:00
[2026-02-10T16:43:06.033+0000] {logging_mixin.py:188} WARNING - /home/***/.local/lib/python3.12/site-packages/***/task/task_runner/standard_task_runner.py:62 DeprecationWarning: This process (pid=3464) is multi-threaded, use of fork() may lead to deadlocks in the child.
[2026-02-10T16:43:06.031+0000] {standard_task_runner.py:90} INFO - Running: ['***', 'tasks', 'run', 'minio_to_snowflake_banking', 'load_snowflake', 'scheduled__2026-02-10T16:42:00+00:00', '--job-id', '77', '--raw', '--subdir', 'DAGS_FOLDER/minio_to_snowflake_dag.py', '--cfg-path', '/tmp/tmpcemyu8qi']
[2026-02-10T16:43:06.035+0000] {standard_task_runner.py:64} INFO - Started process 3484 to run task
[2026-02-10T16:43:06.036+0000] {standard_task_runner.py:91} INFO - Job 77: Subtask load_snowflake
[2026-02-10T16:43:06.123+0000] {task_command.py:426} INFO - Running <TaskInstance: minio_to_snowflake_banking.load_snowflake scheduled__2026-02-10T16:42:00+00:00 [running]> on host f01c0000b3b8
[2026-02-10T16:43:06.214+0000] {taskinstance.py:2648} INFO - Exporting env vars: AIRFLOW_CTX_DAG_OWNER='***' AIRFLOW_CTX_DAG_ID='minio_to_snowflake_banking' AIRFLOW_CTX_TASK_ID='load_snowflake' AIRFLOW_CTX_EXECUTION_DATE='2026-02-10T16:42:00+00:00' AIRFLOW_CTX_TRY_NUMBER='1' AIRFLOW_CTX_DAG_RUN_ID='scheduled__2026-02-10T16:42:00+00:00'
[2026-02-10T16:43:06.216+0000] {taskinstance.py:430} INFO - ::endgroup::
[2026-02-10T16:43:06.232+0000] {connection.py:611} INFO - Snowflake Connector for Python Version: 4.2.0, Python Version: 3.12.4, Platform: Linux-6.6.87.2-microsoft-standard-WSL2-x86_64-with-glibc2.36
[2026-02-10T16:43:06.233+0000] {connection.py:1695} INFO - Connecting to GLOBAL Snowflake domain
[2026-02-10T16:43:08.309+0000] {logging_mixin.py:188} INFO - Uploaded /tmp/minio_downloads/customers_220447520592.parquet -> @customers stage
[2026-02-10T16:43:08.542+0000] {logging_mixin.py:188} INFO - Uploaded /tmp/minio_downloads/customers_132807915760.parquet -> @customers stage
[2026-02-10T16:43:08.902+0000] {logging_mixin.py:188} INFO - Data loaded into customers
[2026-02-10T16:43:09.310+0000] {logging_mixin.py:188} INFO - Uploaded /tmp/minio_downloads/accounts_220446866826.parquet -> @accounts stage
[2026-02-10T16:43:09.565+0000] {logging_mixin.py:188} INFO - Uploaded /tmp/minio_downloads/accounts_220446963368.parquet -> @accounts stage
[2026-02-10T16:43:09.805+0000] {logging_mixin.py:188} INFO - Uploaded /tmp/minio_downloads/accounts_132808404826.parquet -> @accounts stage
[2026-02-10T16:43:10.114+0000] {logging_mixin.py:188} INFO - Data loaded into accounts
[2026-02-10T16:43:10.345+0000] {logging_mixin.py:188} INFO - Uploaded /tmp/minio_downloads/transactions_220447071363.parquet -> @transactions stage
[2026-02-10T16:43:10.582+0000] {logging_mixin.py:188} INFO - Uploaded /tmp/minio_downloads/transactions_220447165310.parquet -> @transactions stage
[2026-02-10T16:43:10.825+0000] {logging_mixin.py:188} INFO - Uploaded /tmp/minio_downloads/transactions_220447275269.parquet -> @transactions stage
[2026-02-10T16:43:11.193+0000] {logging_mixin.py:188} INFO - Uploaded /tmp/minio_downloads/transactions_220447346197.parquet -> @transactions stage
[2026-02-10T16:43:11.444+0000] {logging_mixin.py:188} INFO - Uploaded /tmp/minio_downloads/transactions_220447417021.parquet -> @transactions stage
[2026-02-10T16:43:11.694+0000] {logging_mixin.py:188} INFO - Uploaded /tmp/minio_downloads/transactions_220447680947.parquet -> @transactions stage
[2026-02-10T16:43:11.964+0000] {logging_mixin.py:188} INFO - Uploaded /tmp/minio_downloads/transactions_220447810673.parquet -> @transactions stage
[2026-02-10T16:43:12.483+0000] {logging_mixin.py:188} INFO - Data loaded into transactions
[2026-02-10T16:43:12.676+0000] {python.py:237} INFO - Done. Returned value was: None
[2026-02-10T16:43:12.678+0000] {taskinstance.py:441} INFO - ::group::Post task execution logs
[2026-02-10T16:43:12.697+0000] {taskinstance.py:1206} INFO - Marking task as SUCCESS. dag_id=minio_to_snowflake_banking, task_id=load_snowflake, run_id=scheduled__2026-02-10T16:42:00+00:00, execution_date=20260210T164200, start_date=20260210T164306, end_date=20260210T164312
[2026-02-10T16:43:12.741+0000] {local_task_job_runner.py:243} INFO - Task exited with return code 0
[2026-02-10T16:43:12.763+0000] {taskinstance.py:3503} INFO - 0 downstream tasks scheduled from follow-on schedule check
[2026-02-10T16:43:12.766+0000] {local_task_job_runner.py:222} INFO - ::endgroup::
