[2026-02-10T17:34:05.913+0000] {local_task_job_runner.py:120} INFO - ::group::Pre task execution logs
[2026-02-10T17:34:05.931+0000] {taskinstance.py:2076} INFO - Dependencies all met for dep_context=non-requeueable deps ti=<TaskInstance: minio_to_snowflake_banking.load_snowflake scheduled__2026-02-10T17:33:00+00:00 [queued]>
[2026-02-10T17:34:05.936+0000] {taskinstance.py:2076} INFO - Dependencies all met for dep_context=requeueable deps ti=<TaskInstance: minio_to_snowflake_banking.load_snowflake scheduled__2026-02-10T17:33:00+00:00 [queued]>
[2026-02-10T17:34:05.936+0000] {taskinstance.py:2306} INFO - Starting attempt 1 of 2
[2026-02-10T17:34:05.944+0000] {taskinstance.py:2330} INFO - Executing <Task(PythonOperator): load_snowflake> on 2026-02-10 17:33:00+00:00
[2026-02-10T17:34:05.954+0000] {logging_mixin.py:188} WARNING - /home/***/.local/lib/python3.12/site-packages/***/task/task_runner/standard_task_runner.py:62 DeprecationWarning: This process (pid=8225) is multi-threaded, use of fork() may lead to deadlocks in the child.
[2026-02-10T17:34:05.953+0000] {standard_task_runner.py:90} INFO - Running: ['***', 'tasks', 'run', 'minio_to_snowflake_banking', 'load_snowflake', 'scheduled__2026-02-10T17:33:00+00:00', '--job-id', '179', '--raw', '--subdir', 'DAGS_FOLDER/minio_to_snowflake_dag.py', '--cfg-path', '/tmp/tmp53pazhvx']
[2026-02-10T17:34:05.956+0000] {standard_task_runner.py:64} INFO - Started process 8245 to run task
[2026-02-10T17:34:05.956+0000] {standard_task_runner.py:91} INFO - Job 179: Subtask load_snowflake
[2026-02-10T17:34:06.029+0000] {task_command.py:426} INFO - Running <TaskInstance: minio_to_snowflake_banking.load_snowflake scheduled__2026-02-10T17:33:00+00:00 [running]> on host f01c0000b3b8
[2026-02-10T17:34:06.096+0000] {taskinstance.py:2648} INFO - Exporting env vars: AIRFLOW_CTX_DAG_OWNER='***' AIRFLOW_CTX_DAG_ID='minio_to_snowflake_banking' AIRFLOW_CTX_TASK_ID='load_snowflake' AIRFLOW_CTX_EXECUTION_DATE='2026-02-10T17:33:00+00:00' AIRFLOW_CTX_TRY_NUMBER='1' AIRFLOW_CTX_DAG_RUN_ID='scheduled__2026-02-10T17:33:00+00:00'
[2026-02-10T17:34:06.098+0000] {taskinstance.py:430} INFO - ::endgroup::
[2026-02-10T17:34:06.113+0000] {connection.py:611} INFO - Snowflake Connector for Python Version: 4.2.0, Python Version: 3.12.4, Platform: Linux-6.6.87.2-microsoft-standard-WSL2-x86_64-with-glibc2.36
[2026-02-10T17:34:06.114+0000] {connection.py:1695} INFO - Connecting to GLOBAL Snowflake domain
[2026-02-10T17:34:08.188+0000] {logging_mixin.py:188} INFO - Uploaded /tmp/minio_downloads/customers_220447520592.parquet -> @customers stage
[2026-02-10T17:34:08.419+0000] {logging_mixin.py:188} INFO - Uploaded /tmp/minio_downloads/customers_132807915760.parquet -> @customers stage
[2026-02-10T17:34:08.849+0000] {logging_mixin.py:188} INFO - Data loaded into customers
[2026-02-10T17:34:09.059+0000] {logging_mixin.py:188} INFO - Uploaded /tmp/minio_downloads/accounts_220446866826.parquet -> @accounts stage
[2026-02-10T17:34:09.289+0000] {logging_mixin.py:188} INFO - Uploaded /tmp/minio_downloads/accounts_220446963368.parquet -> @accounts stage
[2026-02-10T17:34:09.563+0000] {logging_mixin.py:188} INFO - Uploaded /tmp/minio_downloads/accounts_132808404826.parquet -> @accounts stage
[2026-02-10T17:34:09.889+0000] {logging_mixin.py:188} INFO - Data loaded into accounts
[2026-02-10T17:34:10.109+0000] {logging_mixin.py:188} INFO - Uploaded /tmp/minio_downloads/transactions_220447071363.parquet -> @transactions stage
[2026-02-10T17:34:10.350+0000] {logging_mixin.py:188} INFO - Uploaded /tmp/minio_downloads/transactions_220447165310.parquet -> @transactions stage
[2026-02-10T17:34:10.571+0000] {logging_mixin.py:188} INFO - Uploaded /tmp/minio_downloads/transactions_220447275269.parquet -> @transactions stage
[2026-02-10T17:34:10.804+0000] {logging_mixin.py:188} INFO - Uploaded /tmp/minio_downloads/transactions_220447346197.parquet -> @transactions stage
[2026-02-10T17:34:10.999+0000] {logging_mixin.py:188} INFO - Uploaded /tmp/minio_downloads/transactions_220447417021.parquet -> @transactions stage
[2026-02-10T17:34:11.191+0000] {logging_mixin.py:188} INFO - Uploaded /tmp/minio_downloads/transactions_220447680947.parquet -> @transactions stage
[2026-02-10T17:34:11.399+0000] {logging_mixin.py:188} INFO - Uploaded /tmp/minio_downloads/transactions_220447810673.parquet -> @transactions stage
[2026-02-10T17:34:11.713+0000] {logging_mixin.py:188} INFO - Data loaded into transactions
[2026-02-10T17:34:11.912+0000] {python.py:237} INFO - Done. Returned value was: None
[2026-02-10T17:34:11.914+0000] {taskinstance.py:441} INFO - ::group::Post task execution logs
[2026-02-10T17:34:11.921+0000] {taskinstance.py:1206} INFO - Marking task as SUCCESS. dag_id=minio_to_snowflake_banking, task_id=load_snowflake, run_id=scheduled__2026-02-10T17:33:00+00:00, execution_date=20260210T173300, start_date=20260210T173405, end_date=20260210T173411
[2026-02-10T17:34:11.945+0000] {local_task_job_runner.py:243} INFO - Task exited with return code 0
[2026-02-10T17:34:11.959+0000] {taskinstance.py:3503} INFO - 0 downstream tasks scheduled from follow-on schedule check
[2026-02-10T17:34:11.963+0000] {local_task_job_runner.py:222} INFO - ::endgroup::
