[2026-02-10T17:18:02.805+0000] {local_task_job_runner.py:120} INFO - ::group::Pre task execution logs
[2026-02-10T17:18:02.823+0000] {taskinstance.py:2076} INFO - Dependencies all met for dep_context=non-requeueable deps ti=<TaskInstance: minio_to_snowflake_banking.download_minio scheduled__2026-02-10T17:17:00+00:00 [queued]>
[2026-02-10T17:18:02.827+0000] {taskinstance.py:2076} INFO - Dependencies all met for dep_context=requeueable deps ti=<TaskInstance: minio_to_snowflake_banking.download_minio scheduled__2026-02-10T17:17:00+00:00 [queued]>
[2026-02-10T17:18:02.828+0000] {taskinstance.py:2306} INFO - Starting attempt 1 of 2
[2026-02-10T17:18:02.836+0000] {taskinstance.py:2330} INFO - Executing <Task(PythonOperator): download_minio> on 2026-02-10 17:17:00+00:00
[2026-02-10T17:18:02.842+0000] {standard_task_runner.py:90} INFO - Running: ['***', 'tasks', 'run', 'minio_to_snowflake_banking', 'download_minio', 'scheduled__2026-02-10T17:17:00+00:00', '--job-id', '146', '--raw', '--subdir', 'DAGS_FOLDER/minio_to_snowflake_dag.py', '--cfg-path', '/tmp/tmp579b0_fh']
[2026-02-10T17:18:02.845+0000] {logging_mixin.py:188} WARNING - /home/***/.local/lib/python3.12/site-packages/***/task/task_runner/standard_task_runner.py:62 DeprecationWarning: This process (pid=6681) is multi-threaded, use of fork() may lead to deadlocks in the child.
[2026-02-10T17:18:02.845+0000] {standard_task_runner.py:91} INFO - Job 146: Subtask download_minio
[2026-02-10T17:18:02.845+0000] {standard_task_runner.py:64} INFO - Started process 6701 to run task
[2026-02-10T17:18:02.914+0000] {task_command.py:426} INFO - Running <TaskInstance: minio_to_snowflake_banking.download_minio scheduled__2026-02-10T17:17:00+00:00 [running]> on host f01c0000b3b8
[2026-02-10T17:18:02.983+0000] {taskinstance.py:2648} INFO - Exporting env vars: AIRFLOW_CTX_DAG_OWNER='***' AIRFLOW_CTX_DAG_ID='minio_to_snowflake_banking' AIRFLOW_CTX_TASK_ID='download_minio' AIRFLOW_CTX_EXECUTION_DATE='2026-02-10T17:17:00+00:00' AIRFLOW_CTX_TRY_NUMBER='1' AIRFLOW_CTX_DAG_RUN_ID='scheduled__2026-02-10T17:17:00+00:00'
[2026-02-10T17:18:02.984+0000] {taskinstance.py:430} INFO - ::endgroup::
[2026-02-10T17:18:03.234+0000] {logging_mixin.py:188} INFO - Downloaded customers/date=2026-02-09/customers_220447520592.parquet -> /tmp/minio_downloads/customers_220447520592.parquet
[2026-02-10T17:18:03.242+0000] {logging_mixin.py:188} INFO - Downloaded customers/date=2026-02-10/customers_132807915760.parquet -> /tmp/minio_downloads/customers_132807915760.parquet
[2026-02-10T17:18:03.268+0000] {logging_mixin.py:188} INFO - Downloaded accounts/date=2026-02-09/accounts_220446866826.parquet -> /tmp/minio_downloads/accounts_220446866826.parquet
[2026-02-10T17:18:03.277+0000] {logging_mixin.py:188} INFO - Downloaded accounts/date=2026-02-09/accounts_220446963368.parquet -> /tmp/minio_downloads/accounts_220446963368.parquet
[2026-02-10T17:18:03.285+0000] {logging_mixin.py:188} INFO - Downloaded accounts/date=2026-02-10/accounts_132808404826.parquet -> /tmp/minio_downloads/accounts_132808404826.parquet
[2026-02-10T17:18:03.316+0000] {logging_mixin.py:188} INFO - Downloaded transactions/date=2026-02-09/transactions_220447071363.parquet -> /tmp/minio_downloads/transactions_220447071363.parquet
[2026-02-10T17:18:03.323+0000] {logging_mixin.py:188} INFO - Downloaded transactions/date=2026-02-09/transactions_220447165310.parquet -> /tmp/minio_downloads/transactions_220447165310.parquet
[2026-02-10T17:18:03.332+0000] {logging_mixin.py:188} INFO - Downloaded transactions/date=2026-02-09/transactions_220447275269.parquet -> /tmp/minio_downloads/transactions_220447275269.parquet
[2026-02-10T17:18:03.340+0000] {logging_mixin.py:188} INFO - Downloaded transactions/date=2026-02-09/transactions_220447346197.parquet -> /tmp/minio_downloads/transactions_220447346197.parquet
[2026-02-10T17:18:03.363+0000] {logging_mixin.py:188} INFO - Downloaded transactions/date=2026-02-09/transactions_220447417021.parquet -> /tmp/minio_downloads/transactions_220447417021.parquet
[2026-02-10T17:18:03.376+0000] {logging_mixin.py:188} INFO - Downloaded transactions/date=2026-02-09/transactions_220447680947.parquet -> /tmp/minio_downloads/transactions_220447680947.parquet
[2026-02-10T17:18:03.389+0000] {logging_mixin.py:188} INFO - Downloaded transactions/date=2026-02-09/transactions_220447810673.parquet -> /tmp/minio_downloads/transactions_220447810673.parquet
[2026-02-10T17:18:03.390+0000] {python.py:237} INFO - Done. Returned value was: {'customers': ['/tmp/minio_downloads/customers_220447520592.parquet', '/tmp/minio_downloads/customers_132807915760.parquet'], 'accounts': ['/tmp/minio_downloads/accounts_220446866826.parquet', '/tmp/minio_downloads/accounts_220446963368.parquet', '/tmp/minio_downloads/accounts_132808404826.parquet'], 'transactions': ['/tmp/minio_downloads/transactions_220447071363.parquet', '/tmp/minio_downloads/transactions_220447165310.parquet', '/tmp/minio_downloads/transactions_220447275269.parquet', '/tmp/minio_downloads/transactions_220447346197.parquet', '/tmp/minio_downloads/transactions_220447417021.parquet', '/tmp/minio_downloads/transactions_220447680947.parquet', '/tmp/minio_downloads/transactions_220447810673.parquet']}
[2026-02-10T17:18:03.391+0000] {taskinstance.py:441} INFO - ::group::Post task execution logs
[2026-02-10T17:18:03.409+0000] {taskinstance.py:1206} INFO - Marking task as SUCCESS. dag_id=minio_to_snowflake_banking, task_id=download_minio, run_id=scheduled__2026-02-10T17:17:00+00:00, execution_date=20260210T171700, start_date=20260210T171802, end_date=20260210T171803
[2026-02-10T17:18:03.461+0000] {local_task_job_runner.py:243} INFO - Task exited with return code 0
[2026-02-10T17:18:03.474+0000] {taskinstance.py:3503} INFO - 1 downstream tasks scheduled from follow-on schedule check
[2026-02-10T17:18:03.478+0000] {local_task_job_runner.py:222} INFO - ::endgroup::
