[2026-02-11T17:35:02.835+0000] {local_task_job_runner.py:120} INFO - ::group::Pre task execution logs
[2026-02-11T17:35:02.853+0000] {taskinstance.py:2076} INFO - Dependencies all met for dep_context=non-requeueable deps ti=<TaskInstance: minio_to_snowflake_banking.download_minio scheduled__2026-02-11T17:34:00+00:00 [queued]>
[2026-02-11T17:35:02.858+0000] {taskinstance.py:2076} INFO - Dependencies all met for dep_context=requeueable deps ti=<TaskInstance: minio_to_snowflake_banking.download_minio scheduled__2026-02-11T17:34:00+00:00 [queued]>
[2026-02-11T17:35:02.859+0000] {taskinstance.py:2306} INFO - Starting attempt 1 of 2
[2026-02-11T17:35:02.867+0000] {taskinstance.py:2330} INFO - Executing <Task(PythonOperator): download_minio> on 2026-02-11 17:34:00+00:00
[2026-02-11T17:35:02.874+0000] {standard_task_runner.py:90} INFO - Running: ['***', 'tasks', 'run', 'minio_to_snowflake_banking', 'download_minio', 'scheduled__2026-02-11T17:34:00+00:00', '--job-id', '1597', '--raw', '--subdir', 'DAGS_FOLDER/minio_to_snowflake_dag.py', '--cfg-path', '/tmp/tmpklnk9d7h']
[2026-02-11T17:35:02.875+0000] {logging_mixin.py:188} WARNING - /home/***/.local/lib/python3.12/site-packages/***/task/task_runner/standard_task_runner.py:62 DeprecationWarning: This process (pid=55233) is multi-threaded, use of fork() may lead to deadlocks in the child.
[2026-02-11T17:35:02.881+0000] {standard_task_runner.py:91} INFO - Job 1597: Subtask download_minio
[2026-02-11T17:35:02.882+0000] {standard_task_runner.py:64} INFO - Started process 55253 to run task
[2026-02-11T17:35:02.954+0000] {task_command.py:426} INFO - Running <TaskInstance: minio_to_snowflake_banking.download_minio scheduled__2026-02-11T17:34:00+00:00 [running]> on host f01c0000b3b8
[2026-02-11T17:35:03.026+0000] {taskinstance.py:2648} INFO - Exporting env vars: AIRFLOW_CTX_DAG_OWNER='***' AIRFLOW_CTX_DAG_ID='minio_to_snowflake_banking' AIRFLOW_CTX_TASK_ID='download_minio' AIRFLOW_CTX_EXECUTION_DATE='2026-02-11T17:34:00+00:00' AIRFLOW_CTX_TRY_NUMBER='1' AIRFLOW_CTX_DAG_RUN_ID='scheduled__2026-02-11T17:34:00+00:00'
[2026-02-11T17:35:03.030+0000] {taskinstance.py:430} INFO - ::endgroup::
[2026-02-11T17:35:03.569+0000] {logging_mixin.py:188} INFO - Downloaded customers/date=2026-02-09/customers_220447520592.parquet -> /tmp/minio_downloads/customers_220447520592.parquet
[2026-02-11T17:35:03.656+0000] {logging_mixin.py:188} INFO - Downloaded customers/date=2026-02-10/customers_132807915760.parquet -> /tmp/minio_downloads/customers_132807915760.parquet
[2026-02-11T17:35:03.708+0000] {logging_mixin.py:188} INFO - Downloaded accounts/date=2026-02-09/accounts_220446866826.parquet -> /tmp/minio_downloads/accounts_220446866826.parquet
[2026-02-11T17:35:03.716+0000] {logging_mixin.py:188} INFO - Downloaded accounts/date=2026-02-09/accounts_220446963368.parquet -> /tmp/minio_downloads/accounts_220446963368.parquet
[2026-02-11T17:35:03.725+0000] {logging_mixin.py:188} INFO - Downloaded accounts/date=2026-02-10/accounts_132808404826.parquet -> /tmp/minio_downloads/accounts_132808404826.parquet
[2026-02-11T17:35:03.762+0000] {logging_mixin.py:188} INFO - Downloaded transactions/date=2026-02-09/transactions_220447071363.parquet -> /tmp/minio_downloads/transactions_220447071363.parquet
[2026-02-11T17:35:03.770+0000] {logging_mixin.py:188} INFO - Downloaded transactions/date=2026-02-09/transactions_220447165310.parquet -> /tmp/minio_downloads/transactions_220447165310.parquet
[2026-02-11T17:35:03.778+0000] {logging_mixin.py:188} INFO - Downloaded transactions/date=2026-02-09/transactions_220447275269.parquet -> /tmp/minio_downloads/transactions_220447275269.parquet
[2026-02-11T17:35:03.787+0000] {logging_mixin.py:188} INFO - Downloaded transactions/date=2026-02-09/transactions_220447346197.parquet -> /tmp/minio_downloads/transactions_220447346197.parquet
[2026-02-11T17:35:03.794+0000] {logging_mixin.py:188} INFO - Downloaded transactions/date=2026-02-09/transactions_220447417021.parquet -> /tmp/minio_downloads/transactions_220447417021.parquet
[2026-02-11T17:35:03.803+0000] {logging_mixin.py:188} INFO - Downloaded transactions/date=2026-02-09/transactions_220447680947.parquet -> /tmp/minio_downloads/transactions_220447680947.parquet
[2026-02-11T17:35:03.811+0000] {logging_mixin.py:188} INFO - Downloaded transactions/date=2026-02-09/transactions_220447810673.parquet -> /tmp/minio_downloads/transactions_220447810673.parquet
[2026-02-11T17:35:03.811+0000] {python.py:237} INFO - Done. Returned value was: {'customers': ['/tmp/minio_downloads/customers_220447520592.parquet', '/tmp/minio_downloads/customers_132807915760.parquet'], 'accounts': ['/tmp/minio_downloads/accounts_220446866826.parquet', '/tmp/minio_downloads/accounts_220446963368.parquet', '/tmp/minio_downloads/accounts_132808404826.parquet'], 'transactions': ['/tmp/minio_downloads/transactions_220447071363.parquet', '/tmp/minio_downloads/transactions_220447165310.parquet', '/tmp/minio_downloads/transactions_220447275269.parquet', '/tmp/minio_downloads/transactions_220447346197.parquet', '/tmp/minio_downloads/transactions_220447417021.parquet', '/tmp/minio_downloads/transactions_220447680947.parquet', '/tmp/minio_downloads/transactions_220447810673.parquet']}
[2026-02-11T17:35:03.812+0000] {taskinstance.py:441} INFO - ::group::Post task execution logs
[2026-02-11T17:35:03.827+0000] {taskinstance.py:1206} INFO - Marking task as SUCCESS. dag_id=minio_to_snowflake_banking, task_id=download_minio, run_id=scheduled__2026-02-11T17:34:00+00:00, execution_date=20260211T173400, start_date=20260211T173502, end_date=20260211T173503
[2026-02-11T17:35:03.864+0000] {local_task_job_runner.py:243} INFO - Task exited with return code 0
[2026-02-11T17:35:03.884+0000] {taskinstance.py:3503} INFO - 1 downstream tasks scheduled from follow-on schedule check
[2026-02-11T17:35:03.887+0000] {local_task_job_runner.py:222} INFO - ::endgroup::
