[2026-02-14T22:36:35.215+0000] {local_task_job_runner.py:120} INFO - ::group::Pre task execution logs
[2026-02-14T22:36:35.236+0000] {taskinstance.py:2076} INFO - Dependencies all met for dep_context=non-requeueable deps ti=<TaskInstance: SCD2_snapshots.dbt_run_marts manual__2026-02-14T22:35:42.231906+00:00 [queued]>
[2026-02-14T22:36:35.242+0000] {taskinstance.py:2076} INFO - Dependencies all met for dep_context=requeueable deps ti=<TaskInstance: SCD2_snapshots.dbt_run_marts manual__2026-02-14T22:35:42.231906+00:00 [queued]>
[2026-02-14T22:36:35.243+0000] {taskinstance.py:2306} INFO - Starting attempt 1 of 2
[2026-02-14T22:36:35.251+0000] {taskinstance.py:2330} INFO - Executing <Task(BashOperator): dbt_run_marts> on 2026-02-14 22:35:42.231906+00:00
[2026-02-14T22:36:35.255+0000] {standard_task_runner.py:64} INFO - Started process 692 to run task
[2026-02-14T22:36:35.256+0000] {standard_task_runner.py:90} INFO - Running: ['***', 'tasks', 'run', 'SCD2_snapshots', 'dbt_run_marts', 'manual__2026-02-14T22:35:42.231906+00:00', '--job-id', '1889', '--raw', '--subdir', 'DAGS_FOLDER/SCD_snapshot.py', '--cfg-path', '/tmp/tmp2w6bnlbp']
[2026-02-14T22:36:35.258+0000] {standard_task_runner.py:91} INFO - Job 1889: Subtask dbt_run_marts
[2026-02-14T22:36:35.313+0000] {task_command.py:426} INFO - Running <TaskInstance: SCD2_snapshots.dbt_run_marts manual__2026-02-14T22:35:42.231906+00:00 [running]> on host f01c0000b3b8
[2026-02-14T22:36:35.381+0000] {taskinstance.py:2648} INFO - Exporting env vars: AIRFLOW_CTX_DAG_OWNER='***' AIRFLOW_CTX_DAG_ID='SCD2_snapshots' AIRFLOW_CTX_TASK_ID='dbt_run_marts' AIRFLOW_CTX_EXECUTION_DATE='2026-02-14T22:35:42.231906+00:00' AIRFLOW_CTX_TRY_NUMBER='1' AIRFLOW_CTX_DAG_RUN_ID='manual__2026-02-14T22:35:42.231906+00:00'
[2026-02-14T22:36:35.381+0000] {taskinstance.py:430} INFO - ::endgroup::
[2026-02-14T22:36:35.391+0000] {subprocess.py:63} INFO - Tmp dir root location: /tmp
[2026-02-14T22:36:35.393+0000] {subprocess.py:75} INFO - Running command: ['/usr/bin/bash', '-c', 'cd /opt/***/banking_dbt && dbt run --select marts --profiles-dir /home/***/.dbt']
[2026-02-14T22:36:35.398+0000] {subprocess.py:86} INFO - Output:
[2026-02-14T22:36:36.933+0000] {subprocess.py:93} INFO - [0m22:36:36  Running with dbt=1.11.2
[2026-02-14T22:36:37.610+0000] {subprocess.py:93} INFO - [0m22:36:37  Registered adapter: snowflake=1.11.1
[2026-02-14T22:36:39.093+0000] {subprocess.py:93} INFO - [0m22:36:39  Found 8 models, 2 snapshots, 4 data tests, 3 sources, 522 macros
[2026-02-14T22:36:39.099+0000] {subprocess.py:93} INFO - [0m22:36:39
[2026-02-14T22:36:39.101+0000] {subprocess.py:93} INFO - [0m22:36:39  Concurrency: 4 threads (target='dev')
[2026-02-14T22:36:39.103+0000] {subprocess.py:93} INFO - [0m22:36:39
[2026-02-14T22:36:43.182+0000] {subprocess.py:93} INFO - [0m22:36:43  1 of 3 START sql table model analytics.dim_accounts ............................ [RUN]
[2026-02-14T22:36:43.183+0000] {subprocess.py:93} INFO - [0m22:36:43  2 of 3 START sql table model analytics.dim_customers ........................... [RUN]
[2026-02-14T22:36:43.185+0000] {subprocess.py:93} INFO - [0m22:36:43  3 of 3 START sql incremental model analytics.fact_transaction .................. [RUN]
[2026-02-14T22:36:44.007+0000] {subprocess.py:93} INFO - [0m22:36:44  2 of 3 OK created sql table model analytics.dim_customers ...................... [[32mSUCCESS 1[0m in 0.81s]
[2026-02-14T22:36:44.009+0000] {subprocess.py:93} INFO - [0m22:36:44  1 of 3 OK created sql table model analytics.dim_accounts ....................... [[32mSUCCESS 1[0m in 0.81s]
[2026-02-14T22:36:46.062+0000] {subprocess.py:93} INFO - [0m22:36:46  3 of 3 OK created sql incremental model analytics.fact_transaction ............. [[32mSUCCESS 350[0m in 2.87s]
[2026-02-14T22:36:46.728+0000] {subprocess.py:93} INFO - [0m22:36:46
[2026-02-14T22:36:46.730+0000] {subprocess.py:93} INFO - [0m22:36:46  Finished running 1 incremental model, 2 table models in 0 hours 0 minutes and 7.62 seconds (7.62s).
[2026-02-14T22:36:46.893+0000] {subprocess.py:93} INFO - [0m22:36:46
[2026-02-14T22:36:46.900+0000] {subprocess.py:93} INFO - [0m22:36:46  [32mCompleted successfully[0m
[2026-02-14T22:36:46.903+0000] {subprocess.py:93} INFO - [0m22:36:46
[2026-02-14T22:36:46.905+0000] {subprocess.py:93} INFO - [0m22:36:46  Done. PASS=3 WARN=0 ERROR=0 SKIP=0 NO-OP=0 TOTAL=3
[2026-02-14T22:36:48.033+0000] {subprocess.py:97} INFO - Command exited with return code 0
[2026-02-14T22:36:48.035+0000] {taskinstance.py:441} INFO - ::group::Post task execution logs
[2026-02-14T22:36:48.062+0000] {taskinstance.py:1206} INFO - Marking task as SUCCESS. dag_id=SCD2_snapshots, task_id=dbt_run_marts, run_id=manual__2026-02-14T22:35:42.231906+00:00, execution_date=20260214T223542, start_date=20260214T223635, end_date=20260214T223648
[2026-02-14T22:36:48.088+0000] {local_task_job_runner.py:243} INFO - Task exited with return code 0
[2026-02-14T22:36:48.110+0000] {taskinstance.py:3503} INFO - 0 downstream tasks scheduled from follow-on schedule check
[2026-02-14T22:36:48.113+0000] {local_task_job_runner.py:222} INFO - ::endgroup::
