[2026-02-11T13:09:05.645+0000] {local_task_job_runner.py:120} INFO - ::group::Pre task execution logs
[2026-02-11T13:09:05.663+0000] {taskinstance.py:2076} INFO - Dependencies all met for dep_context=non-requeueable deps ti=<TaskInstance: minio_to_snowflake_banking.load_snowflake scheduled__2026-02-11T13:08:00+00:00 [queued]>
[2026-02-11T13:09:05.668+0000] {taskinstance.py:2076} INFO - Dependencies all met for dep_context=requeueable deps ti=<TaskInstance: minio_to_snowflake_banking.load_snowflake scheduled__2026-02-11T13:08:00+00:00 [queued]>
[2026-02-11T13:09:05.669+0000] {taskinstance.py:2306} INFO - Starting attempt 1 of 2
[2026-02-11T13:09:05.677+0000] {taskinstance.py:2330} INFO - Executing <Task(PythonOperator): load_snowflake> on 2026-02-11 13:08:00+00:00
[2026-02-11T13:09:05.683+0000] {standard_task_runner.py:90} INFO - Running: ['***', 'tasks', 'run', 'minio_to_snowflake_banking', 'load_snowflake', 'scheduled__2026-02-11T13:08:00+00:00', '--job-id', '860', '--raw', '--subdir', 'DAGS_FOLDER/minio_to_snowflake_dag.py', '--cfg-path', '/tmp/tmpfgm66_zf']
[2026-02-11T13:09:05.686+0000] {logging_mixin.py:188} WARNING - /home/***/.local/lib/python3.12/site-packages/***/task/task_runner/standard_task_runner.py:62 DeprecationWarning: This process (pid=24968) is multi-threaded, use of fork() may lead to deadlocks in the child.
[2026-02-11T13:09:05.686+0000] {standard_task_runner.py:91} INFO - Job 860: Subtask load_snowflake
[2026-02-11T13:09:05.687+0000] {standard_task_runner.py:64} INFO - Started process 24988 to run task
[2026-02-11T13:09:05.750+0000] {task_command.py:426} INFO - Running <TaskInstance: minio_to_snowflake_banking.load_snowflake scheduled__2026-02-11T13:08:00+00:00 [running]> on host f01c0000b3b8
[2026-02-11T13:09:05.814+0000] {taskinstance.py:2648} INFO - Exporting env vars: AIRFLOW_CTX_DAG_OWNER='***' AIRFLOW_CTX_DAG_ID='minio_to_snowflake_banking' AIRFLOW_CTX_TASK_ID='load_snowflake' AIRFLOW_CTX_EXECUTION_DATE='2026-02-11T13:08:00+00:00' AIRFLOW_CTX_TRY_NUMBER='1' AIRFLOW_CTX_DAG_RUN_ID='scheduled__2026-02-11T13:08:00+00:00'
[2026-02-11T13:09:05.815+0000] {taskinstance.py:430} INFO - ::endgroup::
[2026-02-11T13:09:05.831+0000] {connection.py:611} INFO - Snowflake Connector for Python Version: 4.2.0, Python Version: 3.12.4, Platform: Linux-6.6.87.2-microsoft-standard-WSL2-x86_64-with-glibc2.36
[2026-02-11T13:09:05.832+0000] {connection.py:1695} INFO - Connecting to GLOBAL Snowflake domain
[2026-02-11T13:09:08.140+0000] {logging_mixin.py:188} INFO - Uploaded /tmp/minio_downloads/customers_220447520592.parquet -> @customers stage
[2026-02-11T13:09:08.509+0000] {logging_mixin.py:188} INFO - Uploaded /tmp/minio_downloads/customers_132807915760.parquet -> @customers stage
[2026-02-11T13:09:08.858+0000] {logging_mixin.py:188} INFO - Data loaded into customers
[2026-02-11T13:09:09.170+0000] {logging_mixin.py:188} INFO - Uploaded /tmp/minio_downloads/accounts_220446866826.parquet -> @accounts stage
[2026-02-11T13:09:09.430+0000] {logging_mixin.py:188} INFO - Uploaded /tmp/minio_downloads/accounts_220446963368.parquet -> @accounts stage
[2026-02-11T13:09:09.619+0000] {logging_mixin.py:188} INFO - Uploaded /tmp/minio_downloads/accounts_132808404826.parquet -> @accounts stage
[2026-02-11T13:09:09.988+0000] {logging_mixin.py:188} INFO - Data loaded into accounts
[2026-02-11T13:09:10.205+0000] {logging_mixin.py:188} INFO - Uploaded /tmp/minio_downloads/transactions_220447071363.parquet -> @transactions stage
[2026-02-11T13:09:10.428+0000] {logging_mixin.py:188} INFO - Uploaded /tmp/minio_downloads/transactions_220447165310.parquet -> @transactions stage
[2026-02-11T13:09:10.673+0000] {logging_mixin.py:188} INFO - Uploaded /tmp/minio_downloads/transactions_220447275269.parquet -> @transactions stage
[2026-02-11T13:09:10.880+0000] {logging_mixin.py:188} INFO - Uploaded /tmp/minio_downloads/transactions_220447346197.parquet -> @transactions stage
[2026-02-11T13:09:11.057+0000] {logging_mixin.py:188} INFO - Uploaded /tmp/minio_downloads/transactions_220447417021.parquet -> @transactions stage
[2026-02-11T13:09:11.322+0000] {logging_mixin.py:188} INFO - Uploaded /tmp/minio_downloads/transactions_220447680947.parquet -> @transactions stage
[2026-02-11T13:09:11.518+0000] {logging_mixin.py:188} INFO - Uploaded /tmp/minio_downloads/transactions_220447810673.parquet -> @transactions stage
[2026-02-11T13:09:11.841+0000] {logging_mixin.py:188} INFO - Data loaded into transactions
[2026-02-11T13:09:12.004+0000] {python.py:237} INFO - Done. Returned value was: None
[2026-02-11T13:09:12.006+0000] {taskinstance.py:441} INFO - ::group::Post task execution logs
[2026-02-11T13:09:12.013+0000] {taskinstance.py:1206} INFO - Marking task as SUCCESS. dag_id=minio_to_snowflake_banking, task_id=load_snowflake, run_id=scheduled__2026-02-11T13:08:00+00:00, execution_date=20260211T130800, start_date=20260211T130905, end_date=20260211T130912
[2026-02-11T13:09:12.046+0000] {local_task_job_runner.py:243} INFO - Task exited with return code 0
[2026-02-11T13:09:12.057+0000] {taskinstance.py:3503} INFO - 0 downstream tasks scheduled from follow-on schedule check
[2026-02-11T13:09:12.060+0000] {local_task_job_runner.py:222} INFO - ::endgroup::
