[2026-02-11T13:45:06.409+0000] {local_task_job_runner.py:120} INFO - ::group::Pre task execution logs
[2026-02-11T13:45:06.430+0000] {taskinstance.py:2076} INFO - Dependencies all met for dep_context=non-requeueable deps ti=<TaskInstance: minio_to_snowflake_banking.load_snowflake scheduled__2026-02-11T13:44:00+00:00 [queued]>
[2026-02-11T13:45:06.437+0000] {taskinstance.py:2076} INFO - Dependencies all met for dep_context=requeueable deps ti=<TaskInstance: minio_to_snowflake_banking.load_snowflake scheduled__2026-02-11T13:44:00+00:00 [queued]>
[2026-02-11T13:45:06.440+0000] {taskinstance.py:2306} INFO - Starting attempt 1 of 2
[2026-02-11T13:45:06.452+0000] {taskinstance.py:2330} INFO - Executing <Task(PythonOperator): load_snowflake> on 2026-02-11 13:44:00+00:00
[2026-02-11T13:45:06.459+0000] {standard_task_runner.py:90} INFO - Running: ['***', 'tasks', 'run', 'minio_to_snowflake_banking', 'load_snowflake', 'scheduled__2026-02-11T13:44:00+00:00', '--job-id', '932', '--raw', '--subdir', 'DAGS_FOLDER/minio_to_snowflake_dag.py', '--cfg-path', '/tmp/tmpee23i9bs']
[2026-02-11T13:45:06.461+0000] {logging_mixin.py:188} WARNING - /home/***/.local/lib/python3.12/site-packages/***/task/task_runner/standard_task_runner.py:62 DeprecationWarning: This process (pid=28336) is multi-threaded, use of fork() may lead to deadlocks in the child.
[2026-02-11T13:45:06.463+0000] {standard_task_runner.py:91} INFO - Job 932: Subtask load_snowflake
[2026-02-11T13:45:06.464+0000] {standard_task_runner.py:64} INFO - Started process 28356 to run task
[2026-02-11T13:45:06.553+0000] {task_command.py:426} INFO - Running <TaskInstance: minio_to_snowflake_banking.load_snowflake scheduled__2026-02-11T13:44:00+00:00 [running]> on host f01c0000b3b8
[2026-02-11T13:45:06.626+0000] {taskinstance.py:2648} INFO - Exporting env vars: AIRFLOW_CTX_DAG_OWNER='***' AIRFLOW_CTX_DAG_ID='minio_to_snowflake_banking' AIRFLOW_CTX_TASK_ID='load_snowflake' AIRFLOW_CTX_EXECUTION_DATE='2026-02-11T13:44:00+00:00' AIRFLOW_CTX_TRY_NUMBER='1' AIRFLOW_CTX_DAG_RUN_ID='scheduled__2026-02-11T13:44:00+00:00'
[2026-02-11T13:45:06.627+0000] {taskinstance.py:430} INFO - ::endgroup::
[2026-02-11T13:45:06.646+0000] {connection.py:611} INFO - Snowflake Connector for Python Version: 4.2.0, Python Version: 3.12.4, Platform: Linux-6.6.87.2-microsoft-standard-WSL2-x86_64-with-glibc2.36
[2026-02-11T13:45:06.650+0000] {connection.py:1695} INFO - Connecting to GLOBAL Snowflake domain
[2026-02-11T13:45:08.868+0000] {logging_mixin.py:188} INFO - Uploaded /tmp/minio_downloads/customers_220447520592.parquet -> @customers stage
[2026-02-11T13:45:09.100+0000] {logging_mixin.py:188} INFO - Uploaded /tmp/minio_downloads/customers_132807915760.parquet -> @customers stage
[2026-02-11T13:45:09.488+0000] {logging_mixin.py:188} INFO - Data loaded into customers
[2026-02-11T13:45:09.698+0000] {logging_mixin.py:188} INFO - Uploaded /tmp/minio_downloads/accounts_220446866826.parquet -> @accounts stage
[2026-02-11T13:45:09.944+0000] {logging_mixin.py:188} INFO - Uploaded /tmp/minio_downloads/accounts_220446963368.parquet -> @accounts stage
[2026-02-11T13:45:10.158+0000] {logging_mixin.py:188} INFO - Uploaded /tmp/minio_downloads/accounts_132808404826.parquet -> @accounts stage
[2026-02-11T13:45:10.500+0000] {logging_mixin.py:188} INFO - Data loaded into accounts
[2026-02-11T13:45:10.798+0000] {logging_mixin.py:188} INFO - Uploaded /tmp/minio_downloads/transactions_220447071363.parquet -> @transactions stage
[2026-02-11T13:45:11.047+0000] {logging_mixin.py:188} INFO - Uploaded /tmp/minio_downloads/transactions_220447165310.parquet -> @transactions stage
[2026-02-11T13:45:11.655+0000] {logging_mixin.py:188} INFO - Uploaded /tmp/minio_downloads/transactions_220447275269.parquet -> @transactions stage
[2026-02-11T13:45:11.857+0000] {logging_mixin.py:188} INFO - Uploaded /tmp/minio_downloads/transactions_220447346197.parquet -> @transactions stage
[2026-02-11T13:45:12.061+0000] {logging_mixin.py:188} INFO - Uploaded /tmp/minio_downloads/transactions_220447417021.parquet -> @transactions stage
[2026-02-11T13:45:12.284+0000] {logging_mixin.py:188} INFO - Uploaded /tmp/minio_downloads/transactions_220447680947.parquet -> @transactions stage
[2026-02-11T13:45:12.478+0000] {logging_mixin.py:188} INFO - Uploaded /tmp/minio_downloads/transactions_220447810673.parquet -> @transactions stage
[2026-02-11T13:45:12.774+0000] {logging_mixin.py:188} INFO - Data loaded into transactions
[2026-02-11T13:45:12.934+0000] {python.py:237} INFO - Done. Returned value was: None
[2026-02-11T13:45:12.935+0000] {taskinstance.py:441} INFO - ::group::Post task execution logs
[2026-02-11T13:45:12.943+0000] {taskinstance.py:1206} INFO - Marking task as SUCCESS. dag_id=minio_to_snowflake_banking, task_id=load_snowflake, run_id=scheduled__2026-02-11T13:44:00+00:00, execution_date=20260211T134400, start_date=20260211T134506, end_date=20260211T134512
[2026-02-11T13:45:12.985+0000] {local_task_job_runner.py:243} INFO - Task exited with return code 0
[2026-02-11T13:45:13.000+0000] {taskinstance.py:3503} INFO - 0 downstream tasks scheduled from follow-on schedule check
[2026-02-11T13:45:13.002+0000] {local_task_job_runner.py:222} INFO - ::endgroup::
