[2026-02-10T17:55:07.640+0000] {local_task_job_runner.py:120} INFO - ::group::Pre task execution logs
[2026-02-10T17:55:07.668+0000] {taskinstance.py:2076} INFO - Dependencies all met for dep_context=non-requeueable deps ti=<TaskInstance: minio_to_snowflake_banking.load_snowflake scheduled__2026-02-10T17:54:00+00:00 [queued]>
[2026-02-10T17:55:07.680+0000] {taskinstance.py:2076} INFO - Dependencies all met for dep_context=requeueable deps ti=<TaskInstance: minio_to_snowflake_banking.load_snowflake scheduled__2026-02-10T17:54:00+00:00 [queued]>
[2026-02-10T17:55:07.689+0000] {taskinstance.py:2306} INFO - Starting attempt 1 of 2
[2026-02-10T17:55:07.709+0000] {taskinstance.py:2330} INFO - Executing <Task(PythonOperator): load_snowflake> on 2026-02-10 17:54:00+00:00
[2026-02-10T17:55:07.719+0000] {standard_task_runner.py:90} INFO - Running: ['***', 'tasks', 'run', 'minio_to_snowflake_banking', 'load_snowflake', 'scheduled__2026-02-10T17:54:00+00:00', '--job-id', '221', '--raw', '--subdir', 'DAGS_FOLDER/minio_to_snowflake_dag.py', '--cfg-path', '/tmp/tmp7tfrc81r']
[2026-02-10T17:55:07.722+0000] {logging_mixin.py:188} WARNING - /home/***/.local/lib/python3.12/site-packages/***/task/task_runner/standard_task_runner.py:62 DeprecationWarning: This process (pid=10186) is multi-threaded, use of fork() may lead to deadlocks in the child.
[2026-02-10T17:55:07.729+0000] {standard_task_runner.py:91} INFO - Job 221: Subtask load_snowflake
[2026-02-10T17:55:07.739+0000] {standard_task_runner.py:64} INFO - Started process 10206 to run task
[2026-02-10T17:55:07.902+0000] {task_command.py:426} INFO - Running <TaskInstance: minio_to_snowflake_banking.load_snowflake scheduled__2026-02-10T17:54:00+00:00 [running]> on host f01c0000b3b8
[2026-02-10T17:55:07.978+0000] {taskinstance.py:2648} INFO - Exporting env vars: AIRFLOW_CTX_DAG_OWNER='***' AIRFLOW_CTX_DAG_ID='minio_to_snowflake_banking' AIRFLOW_CTX_TASK_ID='load_snowflake' AIRFLOW_CTX_EXECUTION_DATE='2026-02-10T17:54:00+00:00' AIRFLOW_CTX_TRY_NUMBER='1' AIRFLOW_CTX_DAG_RUN_ID='scheduled__2026-02-10T17:54:00+00:00'
[2026-02-10T17:55:07.979+0000] {taskinstance.py:430} INFO - ::endgroup::
[2026-02-10T17:55:07.996+0000] {connection.py:611} INFO - Snowflake Connector for Python Version: 4.2.0, Python Version: 3.12.4, Platform: Linux-6.6.87.2-microsoft-standard-WSL2-x86_64-with-glibc2.36
[2026-02-10T17:55:07.997+0000] {connection.py:1695} INFO - Connecting to GLOBAL Snowflake domain
[2026-02-10T17:55:10.196+0000] {logging_mixin.py:188} INFO - Uploaded /tmp/minio_downloads/customers_220447520592.parquet -> @customers stage
[2026-02-10T17:55:10.436+0000] {logging_mixin.py:188} INFO - Uploaded /tmp/minio_downloads/customers_132807915760.parquet -> @customers stage
[2026-02-10T17:55:10.806+0000] {logging_mixin.py:188} INFO - Data loaded into customers
[2026-02-10T17:55:11.026+0000] {logging_mixin.py:188} INFO - Uploaded /tmp/minio_downloads/accounts_220446866826.parquet -> @accounts stage
[2026-02-10T17:55:11.262+0000] {logging_mixin.py:188} INFO - Uploaded /tmp/minio_downloads/accounts_220446963368.parquet -> @accounts stage
[2026-02-10T17:55:11.526+0000] {logging_mixin.py:188} INFO - Uploaded /tmp/minio_downloads/accounts_132808404826.parquet -> @accounts stage
[2026-02-10T17:55:11.865+0000] {logging_mixin.py:188} INFO - Data loaded into accounts
[2026-02-10T17:55:12.095+0000] {logging_mixin.py:188} INFO - Uploaded /tmp/minio_downloads/transactions_220447071363.parquet -> @transactions stage
[2026-02-10T17:55:12.336+0000] {logging_mixin.py:188} INFO - Uploaded /tmp/minio_downloads/transactions_220447165310.parquet -> @transactions stage
[2026-02-10T17:55:12.519+0000] {logging_mixin.py:188} INFO - Uploaded /tmp/minio_downloads/transactions_220447275269.parquet -> @transactions stage
[2026-02-10T17:55:12.769+0000] {logging_mixin.py:188} INFO - Uploaded /tmp/minio_downloads/transactions_220447346197.parquet -> @transactions stage
[2026-02-10T17:55:12.986+0000] {logging_mixin.py:188} INFO - Uploaded /tmp/minio_downloads/transactions_220447417021.parquet -> @transactions stage
[2026-02-10T17:55:13.222+0000] {logging_mixin.py:188} INFO - Uploaded /tmp/minio_downloads/transactions_220447680947.parquet -> @transactions stage
[2026-02-10T17:55:13.417+0000] {logging_mixin.py:188} INFO - Uploaded /tmp/minio_downloads/transactions_220447810673.parquet -> @transactions stage
[2026-02-10T17:55:13.721+0000] {logging_mixin.py:188} INFO - Data loaded into transactions
[2026-02-10T17:55:13.897+0000] {python.py:237} INFO - Done. Returned value was: None
[2026-02-10T17:55:13.899+0000] {taskinstance.py:441} INFO - ::group::Post task execution logs
[2026-02-10T17:55:13.907+0000] {taskinstance.py:1206} INFO - Marking task as SUCCESS. dag_id=minio_to_snowflake_banking, task_id=load_snowflake, run_id=scheduled__2026-02-10T17:54:00+00:00, execution_date=20260210T175400, start_date=20260210T175507, end_date=20260210T175513
[2026-02-10T17:55:13.958+0000] {local_task_job_runner.py:243} INFO - Task exited with return code 0
[2026-02-10T17:55:13.973+0000] {taskinstance.py:3503} INFO - 0 downstream tasks scheduled from follow-on schedule check
[2026-02-10T17:55:13.976+0000] {local_task_job_runner.py:222} INFO - ::endgroup::
